[     635ms] [INFO] %cDownload the React DevTools for a better development experience: https://react.dev/link/react-devtools font-weight:bold @ http://localhost:5173/node_modules/.vite/deps/react-dom_client.js?v=3a0da526:20102
[     837ms] [ERROR] Failed to load resource: the server responded with a status of 500 (Internal Server Error) @ http://localhost:3001/api/waitlist/my:0
[     838ms] [ERROR] Error fetching waitlist: AxiosError: Request failed with status code 500
    at settle (http://localhost:5173/node_modules/.vite/deps/axios.js?v=3a0da526:1319:7)
    at XMLHttpRequest.onloadend (http://localhost:5173/node_modules/.vite/deps/axios.js?v=3a0da526:1682:7)
    at Axios.request (http://localhost:5173/node_modules/.vite/deps/axios.js?v=3a0da526:2328:41)
    at async http://localhost:5173/src/context/WaitlistContext.tsx:39:24 @ http://localhost:5173/src/context/WaitlistContext.tsx:56
[     839ms] [ERROR] Failed to load resource: the server responded with a status of 500 (Internal Server Error) @ http://localhost:3001/api/appointments/my:0
[     840ms] [ERROR] Failed to load appointments: AxiosError: Request failed with status code 500
    at settle (http://localhost:5173/node_modules/.vite/deps/axios.js?v=3a0da526:1319:7)
    at XMLHttpRequest.onloadend (http://localhost:5173/node_modules/.vite/deps/axios.js?v=3a0da526:1682:7)
    at Axios.request (http://localhost:5173/node_modules/.vite/deps/axios.js?v=3a0da526:2328:41)
    at async http://localhost:5173/src/context/AppointmentContext.tsx:39:24 @ http://localhost:5173/src/context/AppointmentContext.tsx:53
[     841ms] [ERROR] Failed to load resource: the server responded with a status of 500 (Internal Server Error) @ http://localhost:3001/api/waitlist/my:0
[     841ms] [ERROR] Error fetching waitlist: AxiosError: Request failed with status code 500
    at settle (http://localhost:5173/node_modules/.vite/deps/axios.js?v=3a0da526:1319:7)
    at XMLHttpRequest.onloadend (http://localhost:5173/node_modules/.vite/deps/axios.js?v=3a0da526:1682:7)
    at Axios.request (http://localhost:5173/node_modules/.vite/deps/axios.js?v=3a0da526:2328:41)
    at async http://localhost:5173/src/context/WaitlistContext.tsx:39:24 @ http://localhost:5173/src/context/WaitlistContext.tsx:56
[     842ms] [ERROR] Failed to load resource: the server responded with a status of 500 (Internal Server Error) @ http://localhost:3001/api/appointments/my:0
[     842ms] [ERROR] Failed to load appointments: AxiosError: Request failed with status code 500
    at settle (http://localhost:5173/node_modules/.vite/deps/axios.js?v=3a0da526:1319:7)
    at XMLHttpRequest.onloadend (http://localhost:5173/node_modules/.vite/deps/axios.js?v=3a0da526:1682:7)
    at Axios.request (http://localhost:5173/node_modules/.vite/deps/axios.js?v=3a0da526:2328:41)
    at async http://localhost:5173/src/context/AppointmentContext.tsx:39:24 @ http://localhost:5173/src/context/AppointmentContext.tsx:53
[  801740ms] [ERROR] Failed to load resource: the server responded with a status of 504 (Outdated Request) @ http://localhost:5173/src/pages/AdminDashboard.tsx?t=1775570402516:0
[  801742ms] [ERROR] Failed to load resource: the server responded with a status of 504 (Outdated Request) @ http://localhost:5173/src/index.css?t=1775570402853:0
[  801743ms] [ERROR] Failed to load resource: the server responded with a status of 504 (Outdated Request) @ http://localhost:5173/src/index.css?t=1775570403192:0
[  801744ms] [ERROR] [hmr] Failed to reload /src/pages/AdminDashboard.tsx. This could be due to syntax errors or importing non-existent modules. (see errors above) @ http://localhost:5173/@vite/client:175
[  801746ms] [ERROR] [hmr] Failed to reload /src/index.css. This could be due to syntax errors or importing non-existent modules. (see errors above) @ http://localhost:5173/@vite/client:175
[  801746ms] [ERROR] [hmr] Failed to reload /src/index.css. This could be due to syntax errors or importing non-existent modules. (see errors above) @ http://localhost:5173/@vite/client:175
[  801747ms] [ERROR] Failed to load resource: the server responded with a status of 504 (Outdated Request) @ http://localhost:5173/src/pages/AIPatientIntakePage.tsx?t=1775570403359:0
[  801748ms] [ERROR] Failed to load resource: the server responded with a status of 504 (Outdated Request) @ http://localhost:5173/src/components/admin/UserTable.tsx?t=1775570403359:0
[  801748ms] [ERROR] Failed to load resource: the server responded with a status of 504 (Outdated Request) @ http://localhost:5173/src/components/dashboard/ResponsiveTabs.tsx?t=1775570403359:0
[  801748ms] [ERROR] [hmr] Failed to reload /src/pages/AIPatientIntakePage.tsx. This could be due to syntax errors or importing non-existent modules. (see errors above) @ http://localhost:5173/@vite/client:175
[  801749ms] [ERROR] [hmr] Failed to reload /src/components/admin/UserTable.tsx. This could be due to syntax errors or importing non-existent modules. (see errors above) @ http://localhost:5173/@vite/client:175
[  801749ms] [ERROR] [hmr] Failed to reload /src/components/dashboard/ResponsiveTabs.tsx. This could be due to syntax errors or importing non-existent modules. (see errors above) @ http://localhost:5173/@vite/client:175
[  801981ms] [ERROR] Failed to load resource: the server responded with a status of 504 (Outdated Request) @ http://localhost:5173/src/components/AuditLogTable.tsx?t=1775570403359:0
[  801982ms] [ERROR] Failed to load resource: the server responded with a status of 504 (Outdated Request) @ http://localhost:5173/src/pages/AIPatientIntakePage.tsx?t=1775570403613:0
[  801983ms] [ERROR] Failed to load resource: the server responded with a status of 504 (Outdated Request) @ http://localhost:5173/src/components/admin/UserTable.tsx?t=1775570403613:0
[  801983ms] [ERROR] Failed to load resource: the server responded with a status of 504 (Outdated Request) @ http://localhost:5173/src/components/dashboard/ResponsiveTabs.tsx?t=1775570403613:0
[  801983ms] [ERROR] Failed to load resource: the server responded with a status of 504 (Outdated Request) @ http://localhost:5173/src/components/AuditLogTable.tsx?t=1775570403613:0
[  801984ms] [ERROR] [hmr] Failed to reload /src/components/AuditLogTable.tsx. This could be due to syntax errors or importing non-existent modules. (see errors above) @ http://localhost:5173/@vite/client:175
[  801985ms] [ERROR] [hmr] Failed to reload /src/pages/AIPatientIntakePage.tsx. This could be due to syntax errors or importing non-existent modules. (see errors above) @ http://localhost:5173/@vite/client:175
[  801985ms] [ERROR] [hmr] Failed to reload /src/components/admin/UserTable.tsx. This could be due to syntax errors or importing non-existent modules. (see errors above) @ http://localhost:5173/@vite/client:175
[  801985ms] [ERROR] [hmr] Failed to reload /src/components/dashboard/ResponsiveTabs.tsx. This could be due to syntax errors or importing non-existent modules. (see errors above) @ http://localhost:5173/@vite/client:175
[  801986ms] [ERROR] [hmr] Failed to reload /src/components/AuditLogTable.tsx. This could be due to syntax errors or importing non-existent modules. (see errors above) @ http://localhost:5173/@vite/client:175
[  802265ms] [ERROR] Failed to load resource: the server responded with a status of 504 () @ chrome-error://chromewebdata/:0
