[     221ms] [INFO] %cDownload the React DevTools for a better development experience: https://react.dev/link/react-devtools font-weight:bold @ http://localhost:5173/node_modules/.vite/deps/react-dom_client.js?v=3a0da526:20102
[     601ms] [ERROR] Failed to load resource: the server responded with a status of 401 (Unauthorized) @ http://localhost:3001/api/waitlist/my:0
[    3107ms] [ERROR] Failed to load resource: the server responded with a status of 401 (Unauthorized) @ http://localhost:3001/api/appointments/my:0
[    3107ms] [ERROR] Failed to load appointments: AxiosError: Request failed with status code 401
    at settle (http://localhost:5173/node_modules/.vite/deps/axios.js?v=3a0da526:1319:7)
    at XMLHttpRequest.onloadend (http://localhost:5173/node_modules/.vite/deps/axios.js?v=3a0da526:1682:7)
    at Axios.request (http://localhost:5173/node_modules/.vite/deps/axios.js?v=3a0da526:2328:41)
    at async http://localhost:5173/src/context/AppointmentContext.tsx:39:24 @ http://localhost:5173/src/context/AppointmentContext.tsx:53
[    3320ms] [ERROR] Failed to load resource: the server responded with a status of 401 (Unauthorized) @ http://localhost:3001/api/waitlist/my:0
[    5764ms] [ERROR] Failed to load resource: the server responded with a status of 401 (Unauthorized) @ http://localhost:3001/api/appointments/my:0
[    5764ms] [ERROR] Failed to load appointments: AxiosError: Request failed with status code 401
    at settle (http://localhost:5173/node_modules/.vite/deps/axios.js?v=3a0da526:1319:7)
    at XMLHttpRequest.onloadend (http://localhost:5173/node_modules/.vite/deps/axios.js?v=3a0da526:1682:7)
    at Axios.request (http://localhost:5173/node_modules/.vite/deps/axios.js?v=3a0da526:2328:41)
    at async http://localhost:5173/src/context/AppointmentContext.tsx:39:24 @ http://localhost:5173/src/context/AppointmentContext.tsx:53
[   81134ms] [WARNING] WebSocket connection to 'ws://localhost:3001/circuit-breaker?token=mock-token-for-ux-testing' failed: WebSocket is closed before the connection is established. @ http://localhost:5173/src/hooks/useCircuitBreakerStatus.ts:52
[   83835ms] [ERROR] Failed to load resource: the server responded with a status of 401 (Unauthorized) @ http://localhost:3001/api/departments:0
[   83840ms] [ERROR] Failed to load resource: the server responded with a status of 401 (Unauthorized) @ http://localhost:3001/api/providers:0
[   83860ms] [ERROR] Failed to load resource: the server responded with a status of 401 (Unauthorized) @ http://localhost:3001/api/circuit-breaker/status:0
[   84097ms] [INFO] %cDownload the React DevTools for a better development experience: https://react.dev/link/react-devtools font-weight:bold @ http://localhost:5173/node_modules/.vite/deps/react-dom_client.js?v=3a0da526:20102
[   84447ms] [ERROR] Failed to load resource: the server responded with a status of 401 (Unauthorized) @ http://localhost:3001/api/waitlist/my:0
[   86546ms] [ERROR] Failed to load resource: the server responded with a status of 401 (Unauthorized) @ http://localhost:3001/api/appointments/my:0
[   86547ms] [ERROR] Failed to load appointments: AxiosError: Request failed with status code 401
    at settle (http://localhost:5173/node_modules/.vite/deps/axios.js?v=3a0da526:1319:7)
    at XMLHttpRequest.onloadend (http://localhost:5173/node_modules/.vite/deps/axios.js?v=3a0da526:1682:7)
    at Axios.request (http://localhost:5173/node_modules/.vite/deps/axios.js?v=3a0da526:2328:41)
    at async http://localhost:5173/src/context/AppointmentContext.tsx:39:24 @ http://localhost:5173/src/context/AppointmentContext.tsx:53
[   86843ms] [ERROR] Failed to load resource: the server responded with a status of 401 (Unauthorized) @ http://localhost:3001/api/appointments/my:0
[   86843ms] [ERROR] Failed to load appointments: AxiosError: Request failed with status code 401
    at settle (http://localhost:5173/node_modules/.vite/deps/axios.js?v=3a0da526:1319:7)
    at XMLHttpRequest.onloadend (http://localhost:5173/node_modules/.vite/deps/axios.js?v=3a0da526:1682:7)
    at Axios.request (http://localhost:5173/node_modules/.vite/deps/axios.js?v=3a0da526:2328:41)
    at async http://localhost:5173/src/context/AppointmentContext.tsx:39:24 @ http://localhost:5173/src/context/AppointmentContext.tsx:53
[   86854ms] [ERROR] Failed to load resource: the server responded with a status of 401 (Unauthorized) @ http://localhost:3001/api/waitlist/my:0
