[    1615ms] [INFO] %cDownload the React DevTools for a better development experience: https://react.dev/link/react-devtools font-weight:bold @ http://localhost:5173/node_modules/.vite/deps/react-dom_client.js?v=08b30902:20102
[    1936ms] [ERROR] Failed to load resource: the server responded with a status of 500 (Internal Server Error) @ http://localhost:3001/api/waitlist/my:0
[    1938ms] [ERROR] Error fetching waitlist: AxiosError: Request failed with status code 500
    at settle (http://localhost:5173/node_modules/.vite/deps/axios.js?v=c49443b9:1319:7)
    at XMLHttpRequest.onloadend (http://localhost:5173/node_modules/.vite/deps/axios.js?v=c49443b9:1682:7)
    at Axios.request (http://localhost:5173/node_modules/.vite/deps/axios.js?v=c49443b9:2328:41)
    at async http://localhost:5173/src/context/WaitlistContext.tsx:39:24 @ http://localhost:5173/src/context/WaitlistContext.tsx:56
[    1939ms] [ERROR] Failed to load resource: the server responded with a status of 500 (Internal Server Error) @ http://localhost:3001/api/appointments/my:0
[    1939ms] [ERROR] Failed to load appointments: AxiosError: Request failed with status code 500
    at settle (http://localhost:5173/node_modules/.vite/deps/axios.js?v=c49443b9:1319:7)
    at XMLHttpRequest.onloadend (http://localhost:5173/node_modules/.vite/deps/axios.js?v=c49443b9:1682:7)
    at Axios.request (http://localhost:5173/node_modules/.vite/deps/axios.js?v=c49443b9:2328:41)
    at async http://localhost:5173/src/context/AppointmentContext.tsx:39:24 @ http://localhost:5173/src/context/AppointmentContext.tsx:53
[    1948ms] [ERROR] Failed to load resource: the server responded with a status of 500 (Internal Server Error) @ http://localhost:3001/api/waitlist/my:0
[    1950ms] [ERROR] Error fetching waitlist: AxiosError: Request failed with status code 500
    at settle (http://localhost:5173/node_modules/.vite/deps/axios.js?v=c49443b9:1319:7)
    at XMLHttpRequest.onloadend (http://localhost:5173/node_modules/.vite/deps/axios.js?v=c49443b9:1682:7)
    at Axios.request (http://localhost:5173/node_modules/.vite/deps/axios.js?v=c49443b9:2328:41)
    at async http://localhost:5173/src/context/WaitlistContext.tsx:39:24 @ http://localhost:5173/src/context/WaitlistContext.tsx:56
[    1957ms] [ERROR] Failed to load resource: the server responded with a status of 500 (Internal Server Error) @ http://localhost:3001/api/appointments/my:0
[    1959ms] [ERROR] Failed to load appointments: AxiosError: Request failed with status code 500
    at settle (http://localhost:5173/node_modules/.vite/deps/axios.js?v=c49443b9:1319:7)
    at XMLHttpRequest.onloadend (http://localhost:5173/node_modules/.vite/deps/axios.js?v=c49443b9:1682:7)
    at Axios.request (http://localhost:5173/node_modules/.vite/deps/axios.js?v=c49443b9:2328:41)
    at async http://localhost:5173/src/context/AppointmentContext.tsx:39:24 @ http://localhost:5173/src/context/AppointmentContext.tsx:53
