[     218ms] [INFO] %cDownload the React DevTools for a better development experience: https://react.dev/link/react-devtools font-weight:bold @ http://localhost:5173/node_modules/.vite/deps/react-dom_client.js?v=3a0da526:20102
[     314ms] [WARNING] WebSocket connection to 'ws://localhost:3001/circuit-breaker?token=mock-token-for-ux-testing' failed: WebSocket is closed before the connection is established. @ http://localhost:5173/src/hooks/useCircuitBreakerStatus.ts:52
[    2918ms] [ERROR] Failed to load resource: the server responded with a status of 401 (Unauthorized) @ http://localhost:3001/api/appointments/my:0
[    2919ms] [ERROR] Failed to load appointments: AxiosError: Request failed with status code 401
    at settle (http://localhost:5173/node_modules/.vite/deps/axios.js?v=3a0da526:1319:7)
    at XMLHttpRequest.onloadend (http://localhost:5173/node_modules/.vite/deps/axios.js?v=3a0da526:1682:7)
    at Axios.request (http://localhost:5173/node_modules/.vite/deps/axios.js?v=3a0da526:2328:41)
    at async http://localhost:5173/src/context/AppointmentContext.tsx:39:24 @ http://localhost:5173/src/context/AppointmentContext.tsx:53
[    2989ms] [ERROR] Failed to load resource: the server responded with a status of 401 (Unauthorized) @ http://localhost:3001/api/waitlist/my:0
[    3042ms] [ERROR] Failed to load resource: the server responded with a status of 401 (Unauthorized) @ http://localhost:3001/api/providers:0
[    3046ms] [ERROR] Failed to load resource: the server responded with a status of 401 (Unauthorized) @ http://localhost:3001/api/departments:0
[    3054ms] [ERROR] Failed to load resource: the server responded with a status of 401 (Unauthorized) @ http://localhost:3001/api/circuit-breaker/status:0
[    3218ms] [INFO] %cDownload the React DevTools for a better development experience: https://react.dev/link/react-devtools font-weight:bold @ http://localhost:5173/node_modules/.vite/deps/react-dom_client.js?v=3a0da526:20102
[    3564ms] [ERROR] Failed to load resource: the server responded with a status of 401 (Unauthorized) @ http://localhost:3001/api/waitlist/my:0
[    5934ms] [ERROR] Failed to load resource: the server responded with a status of 401 (Unauthorized) @ http://localhost:3001/api/appointments/my:0
[    5934ms] [ERROR] Failed to load appointments: AxiosError: Request failed with status code 401
    at settle (http://localhost:5173/node_modules/.vite/deps/axios.js?v=3a0da526:1319:7)
    at XMLHttpRequest.onloadend (http://localhost:5173/node_modules/.vite/deps/axios.js?v=3a0da526:1682:7)
    at Axios.request (http://localhost:5173/node_modules/.vite/deps/axios.js?v=3a0da526:2328:41)
    at async http://localhost:5173/src/context/AppointmentContext.tsx:39:24 @ http://localhost:5173/src/context/AppointmentContext.tsx:53
[    6245ms] [ERROR] Failed to load resource: the server responded with a status of 401 (Unauthorized) @ http://localhost:3001/api/waitlist/my:0
[    8638ms] [ERROR] Failed to load resource: the server responded with a status of 401 (Unauthorized) @ http://localhost:3001/api/appointments/my:0
[    8639ms] [ERROR] Failed to load appointments: AxiosError: Request failed with status code 401
    at settle (http://localhost:5173/node_modules/.vite/deps/axios.js?v=3a0da526:1319:7)
    at XMLHttpRequest.onloadend (http://localhost:5173/node_modules/.vite/deps/axios.js?v=3a0da526:1682:7)
    at Axios.request (http://localhost:5173/node_modules/.vite/deps/axios.js?v=3a0da526:2328:41)
    at async http://localhost:5173/src/context/AppointmentContext.tsx:39:24 @ http://localhost:5173/src/context/AppointmentContext.tsx:53
