[     861ms] [INFO] %cDownload the React DevTools for a better development experience: https://react.dev/link/react-devtools font-weight:bold @ http://localhost:5173/node_modules/.vite/deps/react-dom_client.js?v=3a0da526:20102
[    1302ms] [ERROR] Failed to load resource: the server responded with a status of 500 (Internal Server Error) @ http://localhost:3001/api/waitlist/my:0
[    1303ms] [ERROR] Error fetching waitlist: AxiosError: Request failed with status code 500
    at settle (http://localhost:5173/node_modules/.vite/deps/axios.js?v=3a0da526:1319:7)
    at XMLHttpRequest.onloadend (http://localhost:5173/node_modules/.vite/deps/axios.js?v=3a0da526:1682:7)
    at Axios.request (http://localhost:5173/node_modules/.vite/deps/axios.js?v=3a0da526:2328:41)
    at async http://localhost:5173/src/context/WaitlistContext.tsx:39:24 @ http://localhost:5173/src/context/WaitlistContext.tsx:56
[    1309ms] [ERROR] Failed to load resource: the server responded with a status of 500 (Internal Server Error) @ http://localhost:3001/api/appointments/my:0
[    1310ms] [ERROR] Failed to load appointments: AxiosError: Request failed with status code 500
    at settle (http://localhost:5173/node_modules/.vite/deps/axios.js?v=3a0da526:1319:7)
    at XMLHttpRequest.onloadend (http://localhost:5173/node_modules/.vite/deps/axios.js?v=3a0da526:1682:7)
    at Axios.request (http://localhost:5173/node_modules/.vite/deps/axios.js?v=3a0da526:2328:41)
    at async http://localhost:5173/src/context/AppointmentContext.tsx:39:24 @ http://localhost:5173/src/context/AppointmentContext.tsx:53
[    1324ms] [ERROR] Failed to load resource: the server responded with a status of 500 (Internal Server Error) @ http://localhost:3001/api/waitlist/my:0
[    1326ms] [ERROR] Error fetching waitlist: AxiosError: Request failed with status code 500
    at settle (http://localhost:5173/node_modules/.vite/deps/axios.js?v=3a0da526:1319:7)
    at XMLHttpRequest.onloadend (http://localhost:5173/node_modules/.vite/deps/axios.js?v=3a0da526:1682:7)
    at Axios.request (http://localhost:5173/node_modules/.vite/deps/axios.js?v=3a0da526:2328:41)
    at async http://localhost:5173/src/context/WaitlistContext.tsx:39:24 @ http://localhost:5173/src/context/WaitlistContext.tsx:56
[    1327ms] [ERROR] Failed to load resource: the server responded with a status of 500 (Internal Server Error) @ http://localhost:3001/api/appointments/my:0
[    1329ms] [ERROR] Failed to load appointments: AxiosError: Request failed with status code 500
    at settle (http://localhost:5173/node_modules/.vite/deps/axios.js?v=3a0da526:1319:7)
    at XMLHttpRequest.onloadend (http://localhost:5173/node_modules/.vite/deps/axios.js?v=3a0da526:1682:7)
    at Axios.request (http://localhost:5173/node_modules/.vite/deps/axios.js?v=3a0da526:2328:41)
    at async http://localhost:5173/src/context/AppointmentContext.tsx:39:24 @ http://localhost:5173/src/context/AppointmentContext.tsx:53
